2016/07/25 18:58:24 INFO  - jmeter.util.JMeterUtils: Setting Locale to en_US 
2016/07/25 18:58:24 INFO  - jmeter.JMeter: Loading user properties from: C:\apache-jmeter-3.0\bin\user.properties 
2016/07/25 18:58:24 INFO  - jmeter.JMeter: Loading system properties from: C:\apache-jmeter-3.0\bin\system.properties 
2016/07/25 18:58:24 INFO  - jmeter.JMeter: Copyright (c) 1998-2016 The Apache Software Foundation 
2016/07/25 18:58:24 INFO  - jmeter.JMeter: Version 3.0 r1743807 
2016/07/25 18:58:24 INFO  - jmeter.JMeter: java.version=1.8.0_91 
2016/07/25 18:58:24 INFO  - jmeter.JMeter: java.vm.name=Java HotSpot(TM) 64-Bit Server VM 
2016/07/25 18:58:24 INFO  - jmeter.JMeter: os.name=Windows 10 
2016/07/25 18:58:24 INFO  - jmeter.JMeter: os.arch=amd64 
2016/07/25 18:58:24 INFO  - jmeter.JMeter: os.version=10.0 
2016/07/25 18:58:24 INFO  - jmeter.JMeter: file.encoding=Cp1252 
2016/07/25 18:58:24 INFO  - jmeter.JMeter: Max memory     =523763712 
2016/07/25 18:58:24 INFO  - jmeter.JMeter: Available Processors =4 
2016/07/25 18:58:24 INFO  - jmeter.JMeter: Default Locale=English (United States) 
2016/07/25 18:58:24 INFO  - jmeter.JMeter: JMeter  Locale=English (United States) 
2016/07/25 18:58:24 INFO  - jmeter.JMeter: JMeterHome=C:\apache-jmeter-3.0 
2016/07/25 18:58:24 INFO  - jmeter.JMeter: user.dir  =C:\apache-jmeter-3.0\bin 
2016/07/25 18:58:24 INFO  - jmeter.JMeter: PWD       =C:\apache-jmeter-3.0\bin 
2016/07/25 18:58:24 INFO  - jmeter.JMeter: IP: 169.236.9.86 Name: bfs-btekalign FullName: bfs-btekalign.ucmerced.edu 
2016/07/25 18:58:24 INFO  - jmeter.engine.RemoteJMeterEngineImpl: Starting backing engine on 1099 
2016/07/25 18:58:24 INFO  - jmeter.engine.RemoteJMeterEngineImpl: System property 'java.rmi.server.hostname' is not defined, using localHost address 
2016/07/25 18:58:24 INFO  - jmeter.engine.RemoteJMeterEngineImpl: Local IP address=169.236.9.86 
2016/07/25 18:58:24 INFO  - jmeter.engine.RemoteJMeterEngineImpl: Creating RMI registry (server.rmi.create=true) 
2016/07/25 18:58:25 INFO  - jmeter.engine.RemoteJMeterEngineImpl: Bound to registry on port 1099 
